TN:
SF:/Users/sebastiansandqvist/Documents/Sites & Projects/apps/~modules/s-date/index.js
FN:8,formatDate
FNF:1
FNH:1
FNDA:80,formatDate
DA:8,1
DA:11,80
DA:12,3
DA:17,80
DA:18,80
DA:22,80
DA:23,80
DA:24,80
DA:25,80
DA:40,80
DA:45,80
DA:46,80
DA:50,80
DA:51,80
DA:52,80
DA:53,80
DA:57,80
DA:58,80
DA:60,80
DA:61,183
DA:62,53
DA:63,53
DA:65,130
DA:68,80
DA:69,27
DA:72,80
DA:75,80
DA:85,80
DA:90,80
DA:91,80
DA:92,80
DA:93,80
DA:94,80
DA:98,80
DA:99,80
DA:101,80
DA:102,80
DA:104,80
LF:38
LH:38
BRDA:11,1,0,3
BRDA:11,1,1,77
BRDA:24,2,0,13
BRDA:24,2,1,67
BRDA:46,3,0,52
BRDA:46,3,1,28
BRDA:61,4,0,53
BRDA:61,4,1,130
BRDA:68,5,0,27
BRDA:68,5,1,53
BRDA:91,6,0,55
BRDA:91,6,1,25
BRDA:92,7,0,33
BRDA:92,7,1,47
BRDA:93,8,0,47
BRDA:93,8,1,33
BRDA:94,9,0,55
BRDA:94,9,1,25
BRDA:99,10,0,53
BRDA:99,10,1,27
BRDA:102,11,0,65
BRDA:102,11,1,15
BRF:22
BRH:22
end_of_record
