TN:
SF:/Users/sebastiansandqvist/Documents/Sites & Projects/apps/~modules/s-date/index.js
FN:5,yyyy
FN:9,yy
FN:15,m
FN:20,mm
FN:26,month
FN:45,mo
FN:51,day
FN:55,dd
FN:60,dayWithSuffix
FN:89,weekday
FN:103,weekday3
FN:108,weekday2
FN:113,weekday1
FN:119,hours24
FN:123,hh24
FN:128,hours
FN:134,hh
FN:139,ampm
FN:143,AMPM
FN:149,minutes
FN:154,seconds
FN:165,formatDate
FN:199,(anonymous_23)
FNF:23
FNH:23
FNDA:5,yyyy
FNDA:3,yy
FNDA:3,m
FNDA:3,mm
FNDA:5,month
FNDA:2,mo
FNDA:10,day
FNDA:4,dd
FNDA:7,dayWithSuffix
FNDA:11,weekday
FNDA:2,weekday3
FNDA:2,weekday2
FNDA:3,weekday1
FNDA:5,hours24
FNDA:5,hh24
FNDA:11,hours
FNDA:5,hh
FNDA:6,ampm
FNDA:5,AMPM
FNDA:7,minutes
FNDA:4,seconds
FNDA:80,formatDate
FNDA:94,(anonymous_23)
DA:5,1
DA:6,5
DA:9,1
DA:10,3
DA:15,1
DA:16,3
DA:17,3
DA:20,1
DA:21,3
DA:22,3
DA:23,3
DA:26,1
DA:27,5
DA:41,5
DA:45,1
DA:46,2
DA:51,1
DA:52,10
DA:55,1
DA:56,4
DA:57,4
DA:60,1
DA:62,7
DA:63,7
DA:64,7
DA:65,7
DA:66,7
DA:70,7
DA:71,7
DA:73,7
DA:74,16
DA:75,5
DA:76,5
DA:78,11
DA:81,7
DA:82,2
DA:85,7
DA:89,1
DA:90,11
DA:99,11
DA:103,1
DA:104,2
DA:108,1
DA:109,2
DA:113,1
DA:114,3
DA:119,1
DA:120,5
DA:123,1
DA:124,5
DA:125,5
DA:128,1
DA:129,11
DA:130,11
DA:134,1
DA:135,5
DA:136,5
DA:139,1
DA:140,6
DA:143,1
DA:144,5
DA:149,1
DA:150,7
DA:151,7
DA:154,1
DA:155,4
DA:156,4
DA:165,1
DA:168,80
DA:169,3
DA:172,80
DA:196,80
DA:198,80
DA:200,94
LF:74
LH:74
BRDA:23,1,0,2
BRDA:23,1,1,1
BRDA:57,2,0,4
BRDA:57,2,1,0
BRDA:74,3,0,5
BRDA:74,3,1,11
BRDA:81,4,0,2
BRDA:81,4,1,5
BRDA:125,5,0,3
BRDA:125,5,1,2
BRDA:130,6,0,6
BRDA:130,6,1,5
BRDA:136,7,0,2
BRDA:136,7,1,3
BRDA:140,8,0,4
BRDA:140,8,1,2
BRDA:144,9,0,3
BRDA:144,9,1,2
BRDA:151,10,0,5
BRDA:151,10,1,2
BRDA:156,11,0,3
BRDA:156,11,1,1
BRDA:168,12,0,3
BRDA:168,12,1,77
BRF:24
BRH:23
end_of_record
